<html>
<head>
<title>TestNG:  LoginTest</title>
<link href="../testng.css" rel="stylesheet" type="text/css" />
<link href="../my-testng.css" rel="stylesheet" type="text/css" />

<style type="text/css">
.log { display: none;} 
.stack-trace { display: none;} 
</style>
<script type="text/javascript">
<!--
function flip(e) {
  current = e.style.display;
  if (current == 'block') {
    e.style.display = 'none';
    return 0;
  }
  else {
    e.style.display = 'block';
    return 1;
  }
}

function toggleBox(szDivId, elem, msg1, msg2)
{
  var res = -1;  if (document.getElementById) {
    res = flip(document.getElementById(szDivId));
  }
  else if (document.all) {
    // this is the way old msie versions work
    res = flip(document.all[szDivId]);
  }
  if(elem) {
    if(res == 0) elem.innerHTML = msg1; else elem.innerHTML = msg2;
  }

}

function toggleAllBoxes() {
  if (document.getElementsByTagName) {
    d = document.getElementsByTagName('div');
    for (i = 0; i < d.length; i++) {
      if (d[i].className == 'log') {
        flip(d[i]);
      }
    }
  }
}

// -->
</script>

</head>
<body>
<h2 align='center'>LoginTest</h2><table border='1' align="center">
<tr>
<td>Tests passed/Failed/Skipped:</td><td>20/2/0</td>
</tr><tr>
<td>Started on:</td><td>Mon Oct 14 19:54:14 CEST 2019</td>
</tr>
<tr><td>Total time:</td><td>24 seconds (24985 ms)</td>
</tr><tr>
<td>Included groups:</td><td></td>
</tr><tr>
<td>Excluded groups:</td><td></td>
</tr>
</table><p/>
<small><i>(Hover the method name to see the test class name)</i></small><p/>
<table width='100%' border='1' class='invocation-failed'>
<tr><td colspan='4' align='center'><b>FAILED TESTS</b></td></tr>
<tr><td><b>Test method</b></td>
<td width="30%"><b>Exception</b></td>
<td width="10%"><b>Time (seconds)</b></td>
<td><b>Instance</b></td>
</tr>
<tr>
<td title='stepDefinition.PurchasesTest.gotTohomepage()'><b>gotTohomepage</b><br>Test class: stepDefinition.PurchasesTest</td>
<td><div><pre>java.lang.NullPointerException
	at org.openqa.selenium.support.pagefactory.DefaultElementLocator.findElement(DefaultElementLocator.java:69)
	at org.openqa.selenium.support.pagefactory.internal.LocatingElementHandler.invoke(LocatingElementHandler.java:38)
	at com.sun.proxy.$Proxy12.click(Unknown Source)
	at Pages.LoginPage.gotoHomePage(LoginPage.java:65)
	at stepDefinition.PurchasesTest.gotTohomepage(PurchasesTest.java:49)
	at java.base/java.util.ArrayList.forEach(ArrayList.java:1540)
... Removed 27 stack frames</pre></div><a href='#' onClick='toggleBox("stack-trace1715189999", this, "Click to show all stack frames", "Click to hide stack frames")'>Click to show all stack frames</a>
<div class='stack-trace' id='stack-trace1715189999'><pre>java.lang.NullPointerException
	at org.openqa.selenium.support.pagefactory.DefaultElementLocator.findElement(DefaultElementLocator.java:69)
	at org.openqa.selenium.support.pagefactory.internal.LocatingElementHandler.invoke(LocatingElementHandler.java:38)
	at com.sun.proxy.$Proxy12.click(Unknown Source)
	at Pages.LoginPage.gotoHomePage(LoginPage.java:65)
	at stepDefinition.PurchasesTest.gotTohomepage(PurchasesTest.java:49)
	at java.base/jdk.internal.reflect.NativeMethodAccessorImpl.invoke0(Native Method)
	at java.base/jdk.internal.reflect.NativeMethodAccessorImpl.invoke(NativeMethodAccessorImpl.java:62)
	at java.base/jdk.internal.reflect.DelegatingMethodAccessorImpl.invoke(DelegatingMethodAccessorImpl.java:43)
	at java.base/java.lang.reflect.Method.invoke(Method.java:566)
	at org.testng.internal.MethodInvocationHelper.invokeMethod(MethodInvocationHelper.java:133)
	at org.testng.internal.TestInvoker.invokeMethod(TestInvoker.java:584)
	at org.testng.internal.TestInvoker.invokeTestMethod(TestInvoker.java:172)
	at org.testng.internal.MethodRunner.runInSequence(MethodRunner.java:46)
	at org.testng.internal.TestInvoker$MethodInvocationAgent.invoke(TestInvoker.java:804)
	at org.testng.internal.TestInvoker.invokeTestMethods(TestInvoker.java:145)
	at org.testng.internal.TestMethodWorker.invokeTestMethods(TestMethodWorker.java:146)
	at org.testng.internal.TestMethodWorker.run(TestMethodWorker.java:128)
	at java.base/java.util.ArrayList.forEach(ArrayList.java:1540)
	at org.testng.TestRunner.privateRun(TestRunner.java:770)
	at org.testng.TestRunner.run(TestRunner.java:591)
	at org.testng.SuiteRunner.runTest(SuiteRunner.java:402)
	at org.testng.SuiteRunner.runSequentially(SuiteRunner.java:396)
	at org.testng.SuiteRunner.privateRun(SuiteRunner.java:355)
	at org.testng.SuiteRunner.run(SuiteRunner.java:304)
	at org.testng.SuiteRunnerWorker.runSuite(SuiteRunnerWorker.java:53)
	at org.testng.SuiteRunnerWorker.run(SuiteRunnerWorker.java:96)
	at org.testng.TestNG.runSuitesSequentially(TestNG.java:1180)
	at org.testng.TestNG.runSuitesLocally(TestNG.java:1102)
	at org.testng.TestNG.runSuites(TestNG.java:1032)
	at org.testng.TestNG.run(TestNG.java:1000)
	at org.testng.remote.AbstractRemoteTestNG.run(AbstractRemoteTestNG.java:115)
	at org.testng.remote.RemoteTestNG.initAndRun(RemoteTestNG.java:251)
	at org.testng.remote.RemoteTestNG.main(RemoteTestNG.java:77)
</pre></div></td>
<td>0</td>
<td>stepDefinition.PurchasesTest@2657d4dd</td></tr>
<tr>
<td title='stepDefinition.LoginTest.verifyLoginPageTitle()'><b>verifyLoginPageTitle</b><br>Test class: stepDefinition.LoginTest</td>
<td><div><pre>java.lang.AssertionError: expected [Welcome: Mercury Tours] but found [Register: Mercury Tours]
	at stepDefinition.LoginTest.verifyLoginPageTitle(LoginTest.java:38)
	at java.base/java.util.ArrayList.forEach(ArrayList.java:1540)
... Removed 32 stack frames</pre></div><a href='#' onClick='toggleBox("stack-trace254812619", this, "Click to show all stack frames", "Click to hide stack frames")'>Click to show all stack frames</a>
<div class='stack-trace' id='stack-trace254812619'><pre>java.lang.AssertionError: expected [Welcome: Mercury Tours] but found [Register: Mercury Tours]
	at org.testng.Assert.fail(Assert.java:97)
	at org.testng.Assert.assertEqualsImpl(Assert.java:136)
	at org.testng.Assert.assertEquals(Assert.java:118)
	at org.testng.Assert.assertEquals(Assert.java:575)
	at org.testng.Assert.assertEquals(Assert.java:585)
	at stepDefinition.LoginTest.verifyLoginPageTitle(LoginTest.java:38)
	at java.base/jdk.internal.reflect.NativeMethodAccessorImpl.invoke0(Native Method)
	at java.base/jdk.internal.reflect.NativeMethodAccessorImpl.invoke(NativeMethodAccessorImpl.java:62)
	at java.base/jdk.internal.reflect.DelegatingMethodAccessorImpl.invoke(DelegatingMethodAccessorImpl.java:43)
	at java.base/java.lang.reflect.Method.invoke(Method.java:566)
	at org.testng.internal.MethodInvocationHelper.invokeMethod(MethodInvocationHelper.java:133)
	at org.testng.internal.TestInvoker.invokeMethod(TestInvoker.java:584)
	at org.testng.internal.TestInvoker.invokeTestMethod(TestInvoker.java:172)
	at org.testng.internal.MethodRunner.runInSequence(MethodRunner.java:46)
	at org.testng.internal.TestInvoker$MethodInvocationAgent.invoke(TestInvoker.java:804)
	at org.testng.internal.TestInvoker.invokeTestMethods(TestInvoker.java:145)
	at org.testng.internal.TestMethodWorker.invokeTestMethods(TestMethodWorker.java:146)
	at org.testng.internal.TestMethodWorker.run(TestMethodWorker.java:128)
	at java.base/java.util.ArrayList.forEach(ArrayList.java:1540)
	at org.testng.TestRunner.privateRun(TestRunner.java:770)
	at org.testng.TestRunner.run(TestRunner.java:591)
	at org.testng.SuiteRunner.runTest(SuiteRunner.java:402)
	at org.testng.SuiteRunner.runSequentially(SuiteRunner.java:396)
	at org.testng.SuiteRunner.privateRun(SuiteRunner.java:355)
	at org.testng.SuiteRunner.run(SuiteRunner.java:304)
	at org.testng.SuiteRunnerWorker.runSuite(SuiteRunnerWorker.java:53)
	at org.testng.SuiteRunnerWorker.run(SuiteRunnerWorker.java:96)
	at org.testng.TestNG.runSuitesSequentially(TestNG.java:1180)
	at org.testng.TestNG.runSuitesLocally(TestNG.java:1102)
	at org.testng.TestNG.runSuites(TestNG.java:1032)
	at org.testng.TestNG.run(TestNG.java:1000)
	at org.testng.remote.AbstractRemoteTestNG.run(AbstractRemoteTestNG.java:115)
	at org.testng.remote.RemoteTestNG.initAndRun(RemoteTestNG.java:251)
	at org.testng.remote.RemoteTestNG.main(RemoteTestNG.java:77)
</pre></div></td>
<td>0</td>
<td>stepDefinition.LoginTest@58e1d9d</td></tr>
</table><p>
<table width='100%' border='1' class='invocation-passed'>
<tr><td colspan='4' align='center'><b>PASSED TESTS</b></td></tr>
<tr><td><b>Test method</b></td>
<td width="30%"><b>Exception</b></td>
<td width="10%"><b>Time (seconds)</b></td>
<td><b>Instance</b></td>
</tr>
<tr>
<td title='stepDefinition.ReservationTest.ClickContinue()'><b>ClickContinue</b><br>Test class: stepDefinition.ReservationTest</td>
<td></td>
<td>1</td>
<td>stepDefinition.ReservationTest@446a1e84</td></tr>
<tr>
<td title='stepDefinition.Reservation2Test.Continue2()'><b>Continue2</b><br>Test class: stepDefinition.Reservation2Test</td>
<td></td>
<td>2</td>
<td>stepDefinition.Reservation2Test@4f0f2942</td></tr>
<tr>
<td title='stepDefinition.RegistrationTest.EnterUSerDetails()'><b>EnterUSerDetails</b><br>Test class: stepDefinition.RegistrationTest</td>
<td></td>
<td>2</td>
<td>stepDefinition.RegistrationTest@29d80d2b</td></tr>
<tr>
<td title='stepDefinition.Reservation2Test.FlightesDetails()'><b>FlightesDetails</b><br>Test class: stepDefinition.Reservation2Test</td>
<td></td>
<td>0</td>
<td>stepDefinition.Reservation2Test@4f0f2942</td></tr>
<tr>
<td title='stepDefinition.PurchasesTest.billingAddress()'><b>billingAddress</b><br>Test class: stepDefinition.PurchasesTest</td>
<td></td>
<td>0</td>
<td>stepDefinition.PurchasesTest@2657d4dd</td></tr>
<tr>
<td title='stepDefinition.PurchasesTest.creditCardDetail()'><b>creditCardDetail</b><br>Test class: stepDefinition.PurchasesTest</td>
<td></td>
<td>0</td>
<td>stepDefinition.PurchasesTest@2657d4dd</td></tr>
<tr>
<td title='stepDefinition.PurchasesTest.deliveryAddress()'><b>deliveryAddress</b><br>Test class: stepDefinition.PurchasesTest</td>
<td></td>
<td>0</td>
<td>stepDefinition.PurchasesTest@2657d4dd</td></tr>
<tr>
<td title='stepDefinition.LoginTest.goToLoginPage()'><b>goToLoginPage</b><br>Test class: stepDefinition.LoginTest</td>
<td></td>
<td>0</td>
<td>stepDefinition.LoginTest@58e1d9d</td></tr>
<tr>
<td title='stepDefinition.PurchasesTest.goToPurchasesPage()'><b>goToPurchasesPage</b><br>Test class: stepDefinition.PurchasesTest</td>
<td></td>
<td>0</td>
<td>stepDefinition.PurchasesTest@2657d4dd</td></tr>
<tr>
<td title='stepDefinition.Reservation2Test.goToRegervation2Page()'><b>goToRegervation2Page</b><br>Test class: stepDefinition.Reservation2Test</td>
<td></td>
<td>0</td>
<td>stepDefinition.Reservation2Test@4f0f2942</td></tr>
<tr>
<td title='stepDefinition.ReservationTest.goToRegistrationPage()'><b>goToRegistrationPage</b><br>Test class: stepDefinition.ReservationTest</td>
<td></td>
<td>0</td>
<td>stepDefinition.ReservationTest@446a1e84</td></tr>
<tr>
<td title='stepDefinition.LoginTest.gotTohomepage()'><b>gotTohomepage</b><br>Test class: stepDefinition.LoginTest</td>
<td></td>
<td>0</td>
<td>stepDefinition.LoginTest@58e1d9d</td></tr>
<tr>
<td title='stepDefinition.LoginTest.loginUser()'><b>loginUser</b><br>Test class: stepDefinition.LoginTest</td>
<td></td>
<td>6</td>
<td>stepDefinition.LoginTest@58e1d9d</td></tr>
<tr>
<td title='stepDefinition.PurchasesTest.passengerDetail()'><b>passengerDetail</b><br>Test class: stepDefinition.PurchasesTest</td>
<td></td>
<td>0</td>
<td>stepDefinition.PurchasesTest@2657d4dd</td></tr>
<tr>
<td title='stepDefinition.RegistrationTest.registerUser()'><b>registerUser</b><br>Test class: stepDefinition.RegistrationTest</td>
<td></td>
<td>0</td>
<td>stepDefinition.RegistrationTest@29d80d2b</td></tr>
<tr>
<td title='stepDefinition.PurchasesTest.secureButton()'><b>secureButton</b><br>Test class: stepDefinition.PurchasesTest</td>
<td></td>
<td>0</td>
<td>stepDefinition.PurchasesTest@2657d4dd</td></tr>
<tr>
<td title='stepDefinition.ReservationTest.selectFlightDetails()'><b>selectFlightDetails</b><br>Test class: stepDefinition.ReservationTest</td>
<td></td>
<td>0</td>
<td>stepDefinition.ReservationTest@446a1e84</td></tr>
<tr>
<td title='stepDefinition.ReservationTest.selectPreferenceDetails()'><b>selectPreferenceDetails</b><br>Test class: stepDefinition.ReservationTest</td>
<td></td>
<td>0</td>
<td>stepDefinition.ReservationTest@446a1e84</td></tr>
<tr>
<td title='stepDefinition.RegistrationTest.verifyHomepageTitle()'><b>verifyHomepageTitle</b><br>Test class: stepDefinition.RegistrationTest</td>
<td></td>
<td>0</td>
<td>stepDefinition.RegistrationTest@29d80d2b</td></tr>
<tr>
<td title='stepDefinition.RegistrationTest.verifyregiserpageTitle()'><b>verifyregiserpageTitle</b><br>Test class: stepDefinition.RegistrationTest</td>
<td></td>
<td>0</td>
<td>stepDefinition.RegistrationTest@29d80d2b</td></tr>
</table><p>
</body>
</html>