<?xml version="1.0" encoding="UTF-8"?>
<!-- Generated by org.testng.reporters.JUnitXMLReporter -->
<testsuite ignored="0" hostname="DESKTOP-OJBKEDR" failures="2" tests="22" name="LoginTest" time="24.985" errors="0" timestamp="2019-10-14T19:54:39 CEST">
  <testcase classname="stepDefinition.RegistrationTest" name="verifyHomepageTitle" time="0.031"/>
  <testcase classname="stepDefinition.RegistrationTest" name="registerUser" time="0.785"/>
  <testcase classname="stepDefinition.RegistrationTest" name="verifyregiserpageTitle" time="0.007"/>
  <testcase classname="stepDefinition.RegistrationTest" name="EnterUSerDetails" time="2.289"/>
  <testcase classname="stepDefinition.LoginTest" name="goToLoginPage" time="0.0"/>
  <testcase classname="stepDefinition.LoginTest" name="verifyLoginPageTitle" time="0.0">
    <failure type="java.lang.AssertionError" message="expected [Welcome: Mercury Tours] but found [Register: Mercury Tours]">
      <![CDATA[java.lang.AssertionError: expected [Welcome: Mercury Tours] but found [Register: Mercury Tours]
at stepDefinition.LoginTest.verifyLoginPageTitle(LoginTest.java:38)
at java.base/java.util.ArrayList.forEach(ArrayList.java:1540)
... Removed 32 stack frames]]>
    </failure>
  </testcase> <!-- verifyLoginPageTitle -->
  <testcase classname="stepDefinition.LoginTest" name="gotTohomepage" time="0.793"/>
  <testcase classname="stepDefinition.LoginTest" name="loginUser" time="6.148"/>
  <testcase classname="stepDefinition.ReservationTest" name="goToRegistrationPage" time="0.0"/>
  <testcase classname="stepDefinition.ReservationTest" name="selectFlightDetails" time="0.795"/>
  <testcase classname="stepDefinition.ReservationTest" name="selectPreferenceDetails" time="0.158"/>
  <testcase classname="stepDefinition.ReservationTest" name="ClickContinue" time="1.114"/>
  <testcase classname="stepDefinition.Reservation2Test" name="goToRegervation2Page" time="0.015"/>
  <testcase classname="stepDefinition.Reservation2Test" name="FlightesDetails" time="0.068"/>
  <testcase classname="stepDefinition.Reservation2Test" name="Continue2" time="2.166"/>
  <testcase classname="stepDefinition.PurchasesTest" name="goToPurchasesPage" time="0.0"/>
  <testcase classname="stepDefinition.PurchasesTest" name="passengerDetail" time="0.302"/>
  <testcase classname="stepDefinition.PurchasesTest" name="creditCardDetail" time="0.757"/>
  <testcase classname="stepDefinition.PurchasesTest" name="billingAddress" time="0.497"/>
  <testcase classname="stepDefinition.PurchasesTest" name="deliveryAddress" time="0.419"/>
  <testcase classname="stepDefinition.PurchasesTest" name="secureButton" time="0.828"/>
  <testcase classname="stepDefinition.PurchasesTest" name="gotTohomepage" time="0.002">
    <failure type="java.lang.NullPointerException">
      <![CDATA[java.lang.NullPointerException
at org.openqa.selenium.support.pagefactory.DefaultElementLocator.findElement(DefaultElementLocator.java:69)
at org.openqa.selenium.support.pagefactory.internal.LocatingElementHandler.invoke(LocatingElementHandler.java:38)
at com.sun.proxy.$Proxy12.click(Unknown Source)
at Pages.LoginPage.gotoHomePage(LoginPage.java:65)
at stepDefinition.PurchasesTest.gotTohomepage(PurchasesTest.java:49)
at java.base/java.util.ArrayList.forEach(ArrayList.java:1540)
... Removed 27 stack frames]]>
    </failure>
  </testcase> <!-- gotTohomepage -->
</testsuite> <!-- LoginTest -->
